<?xml version="1.0" encoding="UTF-8"?>
<!-- Generated by org.testng.reporters.JUnitReportReporter -->
<testsuite hostname="USCWVIQADW0025" name="patel.udemy.test.GetSessionInfo" tests="1" failures="0" timestamp="8 Oct 2015 18:02:36 GMT" time="1.663" errors="0">
  <testcase name="validLogin" time="1.663" classname="patel.udemy.test.GetSessionInfo"/>
</testsuite> <!-- patel.udemy.test.GetSessionInfo -->
