<?xml version="1.0" encoding="UTF-8"?>
<!-- Generated by org.testng.reporters.JUnitReportReporter -->
<testsuite hostname="USCWVIQADW0025" name="patel.udemy.test.DeleteJiraLogout" tests="1" failures="0" timestamp="1 Oct 2015 20:02:13 GMT" time="1.577" errors="0">
  <testcase name="logoutJira" time="1.577" classname="patel.udemy.test.DeleteJiraLogout"/>
</testsuite> <!-- patel.udemy.test.DeleteJiraLogout -->
