<?xml version="1.0" encoding="UTF-8"?>
<!-- Generated by org.testng.reporters.JUnitReportReporter -->
<testsuite hostname="USCWVIQADW0025" name="patel.udemy.test.SessionID" tests="1" failures="0" timestamp="30 Sep 2015 14:59:21 GMT" time="1.587" errors="0">
  <testcase name="validLogin" time="1.587" classname="patel.udemy.test.SessionID"/>
</testsuite> <!-- patel.udemy.test.SessionID -->
