<?xml version="1.0" encoding="UTF-8"?>
<!-- Generated by org.testng.reporters.JUnitReportReporter -->
<testsuite hostname="USCWVIQADW0025" name="patel.udemy.test.JiraLogin" tests="1" failures="0" timestamp="29 Sep 2015 20:10:48 GMT" time="1.665" errors="0">
  <testcase name="validLogin" time="1.665" classname="patel.udemy.test.JiraLogin"/>
</testsuite> <!-- patel.udemy.test.JiraLogin -->
